#
# There is insufficient memory for the Java Runtime Environment to continue.
# Native memory allocation (malloc) failed to allocate 1048576 bytes for AllocateHeap
# Possible reasons:
#   The system is out of physical RAM or swap space
#   The process is running with CompressedOops enabled, and the Java Heap may be blocking the growth of the native heap
# Possible solutions:
#   Reduce memory load on the system
#   Increase physical memory or swap space
#   Check if swap backing store is full
#   Decrease Java heap size (-Xmx/-Xms)
#   Decrease number of Java threads
#   Decrease Java thread stack sizes (-Xss)
#   Set larger code cache with -XX:ReservedCodeCacheSize=
#   JVM is running with Unscaled Compressed Oops mode in which the Java heap is
#     placed in the first 4GB address space. The Java Heap base address is the
#     maximum limit for the native heap growth. Please use -XX:HeapBaseMinAddress
#     to set the Java Heap base and to place the Java Heap above 4GB virtual address.
# This output file may be truncated or incomplete.
#
#  Out of Memory Error (memory/allocation.inline.hpp:61), pid=256, tid=0x00000000000000f4
#
# JRE version:  (8.0_242-b01) (build )
# Java VM: OpenJDK 64-Bit Server VM (25.242-b01 mixed mode windows-amd64 compressed oops)
# Failed to write core dump. Minidumps are not enabled by default on client versions of Windows
#

---------------  T H R E A D  ---------------

Current thread (0x0000000002a22800):  JavaThread "Unknown thread" [_thread_in_vm, id=244, stack(0x0000000002920000,0x0000000002a20000)]

Stack: [0x0000000002920000,0x0000000002a20000]
[error occurred during error reporting (printing stack bounds), id 0xc0000005]

Native frames: (J=compiled Java code, j=interpreted, Vv=VM code, C=native code)


---------------  P R O C E S S  ---------------

Java Threads: ( => current thread )

Other Threads:

=>0x0000000002a22800 (exited) JavaThread "Unknown thread" [_thread_in_vm, id=244, stack(0x0000000002920000,0x0000000002a20000)]

VM state:not at safepoint (normal execution)

VM Mutex/Monitor currently owned by a thread: None

heap address: 0x0000000081c00000, size: 2020 MB, Compressed Oops mode: 32-bit
Narrow klass base: 0x0000000000000000, Narrow klass shift: 3
Compressed class space size: 1073741824 Address: 0x0000000100000000

Heap:
 PSYoungGen      total 38400K, used 665K [0x00000000d5f00000, 0x00000000d8980000, 0x0000000100000000)
  eden space 33280K, 2% used [0x00000000d5f00000,0x00000000d5fa6670,0x00000000d7f80000)
  from space 5120K, 0% used [0x00000000d8480000,0x00000000d8480000,0x00000000d8980000)
  to   space 5120K, 0% used [0x00000000d7f80000,0x00000000d7f80000,0x00000000d8480000)
 ParOldGen       total 87552K, used 0K [0x0000000081c00000, 0x0000000087180000, 0x00000000d5f00000)
  object space 87552K, 0% used [0x0000000081c00000,0x0000000081c00000,0x0000000087180000)
 Metaspace       used 779K, capacity 4480K, committed 4480K, reserved 1056768K
  class space    used 74K, capacity 384K, committed 384K, reserved 1048576K

Card table byte_map: [0x0000000011ef0000,0x00000000122f0000] byte_map_base: 0x0000000011ae2000

Marking Bits: (ParMarkBitMap*) 0x000000006158f030
 Begin Bits: [0x00000000129a0000, 0x0000000014930000)
 End Bits:   [0x0000000014930000, 0x00000000168c0000)

Polling page: 0x00000000028f0000

CodeCache: size=245760Kb used=328Kb max_used=328Kb free=245431Kb
 bounds [0x0000000002b30000, 0x0000000002da0000, 0x0000000011b30000]
 total_blobs=57 nmethods=0 adapters=38
 compilation: enabled

Compilation events (0 events):
No events

GC Heap History (0 events):
No events

Deoptimization events (0 events):
No events

Classes redefined (0 events):
No events

Internal exceptions (0 events):
No events

Events (10 events):
Event: 0.019 loading class java/lang/Short
Event: 0.019 loading class java/lang/Short done
Event: 0.019 loading class java/lang/Integer
Event: 0.019 loading class java/lang/Integer done
Event: 0.019 loading class java/lang/Long
Event: 0.019 loading class java/lang/Long done
Event: 0.019 loading class java/lang/NullPointerException
Event: 0.019 loading class java/lang/NullPointerException done
Event: 0.019 loading class java/lang/ArithmeticException
Event: 0.019 loading class java/lang/ArithmeticException done


Dynamic libraries:
0x00007ff7e8310000 - 0x00007ff7e8341000 	C:\Program Files\Android\Android Studio\jre\jre\bin\java.exe
0x00007ffa4bb90000 - 0x00007ffa4bd85000 	C:\WINDOWS\SYSTEM32\ntdll.dll
0x00007ffa49eb0000 - 0x00007ffa49f6d000 	C:\WINDOWS\System32\KERNEL32.DLL
0x00007ffa49920000 - 0x00007ffa49be8000 	C:\WINDOWS\System32\KERNELBASE.dll
0x00007ffa4a180000 - 0x00007ffa4a22c000 	C:\WINDOWS\System32\ADVAPI32.dll
0x00007ffa4a420000 - 0x00007ffa4a4be000 	C:\WINDOWS\System32\msvcrt.dll
0x00007ffa4aac0000 - 0x00007ffa4ab5b000 	C:\WINDOWS\System32\sechost.dll
0x00007ffa4a500000 - 0x00007ffa4a62b000 	C:\WINDOWS\System32\RPCRT4.dll
0x00007ffa49fd0000 - 0x00007ffa4a170000 	C:\WINDOWS\System32\USER32.dll
0x00007ffa49350000 - 0x00007ffa49372000 	C:\WINDOWS\System32\win32u.dll
0x00007ffa4a390000 - 0x00007ffa4a3ba000 	C:\WINDOWS\System32\GDI32.dll
0x00007ffa497b0000 - 0x00007ffa498bb000 	C:\WINDOWS\System32\gdi32full.dll
0x00007ffa49560000 - 0x00007ffa495fd000 	C:\WINDOWS\System32\msvcp_win.dll
0x00007ffa49460000 - 0x00007ffa49560000 	C:\WINDOWS\System32\ucrtbase.dll
0x00007ffa3bf30000 - 0x00007ffa3c1ca000 	C:\WINDOWS\WinSxS\amd64_microsoft.windows.common-controls_6595b64144ccf1df_6.0.19041.844_none_ca00b6081b84eb1d\COMCTL32.dll
0x00007ffa4a4c0000 - 0x00007ffa4a4f0000 	C:\WINDOWS\System32\IMM32.DLL
0x00000000608d0000 - 0x00000000609a2000 	C:\Program Files\Android\Android Studio\jre\jre\bin\msvcr100.dll
0x0000000060dc0000 - 0x000000006160b000 	C:\Program Files\Android\Android Studio\jre\jre\bin\server\jvm.dll
0x00007ffa4a4f0000 - 0x00007ffa4a4f8000 	C:\WINDOWS\System32\PSAPI.DLL
0x00007ffa441f0000 - 0x00007ffa441f9000 	C:\WINDOWS\SYSTEM32\WSOCK32.dll
0x00007ffa3d6e0000 - 0x00007ffa3d6ea000 	C:\WINDOWS\SYSTEM32\VERSION.dll
0x00007ffa3f3b0000 - 0x00007ffa3f3d7000 	C:\WINDOWS\SYSTEM32\WINMM.dll
0x00007ffa4a2c0000 - 0x00007ffa4a32b000 	C:\WINDOWS\System32\WS2_32.dll
0x00007ffa41c20000 - 0x00007ffa41c2f000 	C:\Program Files\Android\Android Studio\jre\jre\bin\verify.dll
0x00007ffa39d10000 - 0x00007ffa39d39000 	C:\Program Files\Android\Android Studio\jre\jre\bin\java.dll
0x00007ffa3a3f0000 - 0x00007ffa3a406000 	C:\Program Files\Android\Android Studio\jre\jre\bin\zip.dll

VM Arguments:
java_command: org.jetbrains.git4idea.http.GitAskPassApp Username for 'https://github.com': 
java_class_path (initial): C:/Program Files/Android/Android Studio/plugins/git4idea/lib/git4idea-rt.jar;C:/Program Files/Android/Android Studio/lib/xmlrpc-2.0.1.jar;C:/Program Files/Android/Android Studio/lib/commons-codec-1.14.jar;C:/Program Files/Android/Android Studio/lib/util.jar
Launcher Type: SUN_STANDARD

Environment Variables:
JAVA_HOME=C:\Program Files\Java\jdk-14.0.1
CLASSPATH=.
PATH=C:\Program Files\Git\mingw64\libexec\git-core;C:\Program Files\Git\mingw64\libexec\git-core;C:\Program Files\Git\mingw64\bin;C:\Program Files\Git\usr\bin;C:\Users\Bobe\bin;C:\Program Files\Common Files\Oracle\Java\javapath;C:\Program Files (x86)\Intel\iCLS Client;C:\Program Files\Intel\iCLS Client;C:\WINDOWS\system32;C:\WINDOWS;C:\WINDOWS\System32\Wbem;C:\WINDOWS\System32\WindowsPowerShell\v1.0;C:\Program Files (x86)\Intel\Intel(R) Management Engine Components\DAL;C:\Program Files\Intel\Intel(R) Management Engine Components\DAL;C:\Program Files (x86)\Intel\Intel(R) Management Engine Components\IPT;C:\Program Files\Intel\Intel(R) Management Engine Components\IPT;C:\WINDOWS\System32\OpenSSH;C:\xampp\php;C:\ProgramData\ComposerSetup\bin;C:\Program Files\Java\jdk-14.0.1\bin;C:\Program Files\dotnet;C:\Program Files\Git\cmd;C:\Users\Bobe\AppData\Local\Programs\Python\Python39\Scripts;C:\Users\Bobe\AppData\Local\Programs\Python\Python39;C:\Program Files\Java\jdk-14.0.1\bin;C:\Users\Bobe\AppData\Local\Programs\Microsoft VS Code\bin;C:\Users\Bobe\.dotnet\tools;C:\ProgramData\chocoportable\bin
USERNAME=Bobe
DISPLAY=:0.0
OS=Windows_NT
PROCESSOR_IDENTIFIER=Intel64 Family 6 Model 142 Stepping 9, GenuineIntel



---------------  S Y S T E M  ---------------

OS: Windows 10.0 , 64 bit Build 19041 (10.0.19041.928)

CPU:total 4 (initial active 4) (2 cores per cpu, 2 threads per core) family 6 model 142 stepping 9, cmov, cx8, fxsr, mmx, sse, sse2, sse3, ssse3, sse4.1, sse4.2, popcnt, avx, avx2, aes, clmul, erms, 3dnowpref, lzcnt, ht, tsc, tscinvbit, bmi1, bmi2, adx

Memory: 4k page, physical 8266200k(444952k free), swap 12317144k(5168k free)

vm_info: OpenJDK 64-Bit Server VM (25.242-b01) for windows-amd64 JRE (1.8.0_242-release-1644-b01), built by "builder" with MS VC++ 10.0 (VS2010)

time: Thu Apr 22 19:21:09 2021
timezone: Azerbaïdjan
elapsed time: 0 seconds (0d 0h 0m 0s)

